[*] Logging enabled. Output is being captured.

[*] Initialising model...
[rl] Synced local events to Supabase: 273 uploaded, 0 failed.
[*] Model Loaded.
Processing with 6 threads.
Found 23 files to process.

[+] Queued: biotech__biotech_12_10.md
[+] Queued: biotech__biotech_12_7.md
[+] Queued: bio__bio_12_2.md
[+] Queued: bio__bio_12_7.md
[+] Queued: chem work.pdf
[+] Queued: chemistry project work.docx
[+] Queued: chem__chem_11_2.md
[+] Queued: chem__chem_11_3.md
[+] Queued: comp__comp_11_2.md
[+] Queued: comp__comp_12_11.md
[+] Queued: English file.pdf
[+] Queued: English project.docx
[+] Queued: english2__english2_12_pr5.md
[+] Queued: english2__english2_8_1.md
[+] Queued: english3__english3_10_3.md
[+] Queued: english__english_12_p8.md
[+] Queued: english__english_8_1.md
[+] Queued: IP file.pdf
[+] Queued: IP synopsis(5 &7).docx
[+] Queued: phy file.pdf
[+] Queued: Ray optics projec.pdf
[+] Queued: sci__sci_10_8.md
[+] Queued: sci__sci_8_13.md
[!] [NO GEN] Low confidence (0.40) but accepting 'Biology' as fallback.[!] [NO GEN] Low confidence (0.43) but accepting 'Biology' as fallback.

[1] Processed: biotech__biotech_12_7.md -> Biotechnology (sim=0.56) in 1.48s
[1] Processed: biotech__biotech_12_10.md -> Biotechnology (sim=0.57) in 1.48s
[1] Processed: bio__bio_12_7.md -> Biology (sim=0.43) in 1.47s[1] Processed: bio__bio_12_2.md -> Biology (sim=0.40) in 1.48s

[!] Low confidence (0.00) on first pass. Attempting Fallback Extraction...
[!] Low confidence (0.00) on first pass. Attempting Fallback Extraction...
[1] Processed: chem__chem_11_2.md -> Uncategorized (sim=0.00) in 0.15s
[1] Processed: comp__comp_12_11.md -> Uncategorized (sim=0.00) in 0.15s
[!] Low confidence (0.00) on first pass. Attempting Fallback Extraction...
[1] Processed: comp__comp_11_2.md -> Uncategorized (sim=0.00) in 0.46s
[!] Low confidence (0.00) on first pass. Attempting Fallback Extraction...
[1] Processed: chem__chem_11_3.md -> Uncategorized (sim=0.00) in 0.77s
[!] [NO GEN] Low confidence (0.29) but accepting 'Chemistry' as fallback.
[!] Low confidence (0.29) on first pass. Attempting Fallback Extraction...
[!] [NO GEN] Low confidence (0.39) but accepting 'Chemistry' as fallback.
[1] Processed: chemistry project work.docx -> Chemistry (sim=0.39) in 2.63s
[!] [NO GEN] Low confidence (0.44) but accepting 'English' as fallback.
[1] Processed: english2__english2_8_1.md -> English (sim=0.44) in 1.48s
[!] [NO GEN] Low confidence (0.40) but accepting 'English' as fallback.
[1] Processed: english2__english2_12_pr5.md -> English (sim=0.40) in 1.90s
[!] [NO GEN] Low confidence (0.43) but accepting 'English' as fallback.
[1] Processed: english3__english3_10_3.md -> English (sim=0.43) in 1.50s
[!] [NO GEN] Low confidence (0.37) but accepting 'English' as fallback.
[1] Processed: english__english_12_p8.md -> English (sim=0.37) in 0.59s
[!] [NO GEN] Low confidence (0.39) but accepting 'English' as fallback.
[!] Low confidence (0.00) on first pass. Attempting Fallback Extraction...
[1] Processed: english__english_8_1.md -> English (sim=0.39) in 0.43s
[1] Processed: English project.docx -> English (sim=0.48) in 3.33s
[!] [NO GEN] Low confidence (0.30) but accepting 'Chemistry' as fallback.
   -> Fallback improved result: Chemistry (0.30)
[1] Processed: chem work.pdf -> Chemistry (sim=0.30) in 7.76s
[!] [NO GEN] Low confidence (0.34) but accepting 'Physics' as fallback.
[!] Low confidence (0.34) on first pass. Attempting Fallback Extraction...
[1] Processed: sci__sci_10_8.md -> Physics (sim=0.34) in 1.20s
[!] Low confidence (0.00) on first pass. Attempting Fallback Extraction...
[1] Processed: sci__sci_8_13.md -> Uncategorized (sim=0.00) in 0.09s
   -> Fallback did not improve result.
[1] Processed: English file.pdf -> Uncategorized (sim=0.00) in 7.53s
[!] Low confidence (0.00) on first pass. Attempting Fallback Extraction...
[!] [NO GEN] Low confidence (0.43) but accepting 'Physics' as fallback.
[1] Processed: Ray optics projec.pdf -> Physics (sim=0.43) in 4.26s
[!] [NO GEN] Low confidence (0.43) but accepting 'Physics' as fallback.
[1] Processed: phy file.pdf -> Physics (sim=0.43) in 4.90s
[!] Low confidence (0.00) on first pass. Attempting Fallback Extraction...
   -> Fallback did not improve result.
[1] Processed: IP synopsis(5 &7).docx -> Uncategorized (sim=0.00) in 7.06s
   -> Fallback did not improve result.
[1] Processed: IP file.pdf -> Uncategorized (sim=0.00) in 7.53s

 All files processed in 11.73s

