[*] Logging enabled. Output is being captured.

[*] Initialising model...
[rl] Synced local events to Supabase: 296 uploaded, 0 failed.
[*] Model Loaded.
Processing with 6 threads.
Found 23 files to process.

[+] Queued: biotech__biotech_12_10.md
[+] Queued: biotech__biotech_12_7.md
[+] Queued: bio__bio_12_2.md
[+] Queued: bio__bio_12_7.md
[+] Queued: chem work.pdf
[+] Queued: chemistry project work.docx
[+] Queued: chem__chem_11_2.md
[+] Queued: chem__chem_11_3.md
[+] Queued: comp__comp_11_2.md
[+] Queued: comp__comp_12_11.md
[+] Queued: English file.pdf
[+] Queued: English project.docx
[+] Queued: english2__english2_12_pr5.md
[+] Queued: english2__english2_8_1.md
[+] Queued: english3__english3_10_3.md
[+] Queued: english__english_12_p8.md
[+] Queued: english__english_8_1.md
[+] Queued: IP file.pdf
[+] Queued: IP synopsis(5 &7).docx
[+] Queued: phy file.pdf
[+] Queued: Ray optics projec.pdf
[+] Queued: sci__sci_10_8.md
[+] Queued: sci__sci_8_13.md
[1] Processed: bio__bio_12_7.md -> Biology (sim=0.51) in 0.49s
[1] Processed: bio__bio_12_2.md -> Biology (sim=0.47) in 0.49s[1] Processed: biotech__biotech_12_7.md -> Biotechnology (sim=0.57) in 0.49s

[1] Processed: biotech__biotech_12_10.md -> Biotechnology (sim=0.56) in 0.50s
[!] Low confidence (0.00) on first pass. Attempting Fallback Extraction...
[!] [NO GEN] Low confidence (0.42) but accepting 'Chemistry' as fallback.
[1] Processed: chem__chem_11_3.md -> Chemistry (sim=0.42) in 0.53s
[!] [NO GEN] Low confidence (0.40) but accepting 'Chemistry' as fallback.
[!] Low confidence (0.00) on first pass. Attempting Fallback Extraction...
[1] Processed: chem__chem_11_2.md -> Chemistry (sim=0.40) in 0.57s
[1] Processed: comp__comp_11_2.md -> Uncategorized (sim=0.00) in 0.58s
[!] Low confidence (0.00) on first pass. Attempting Fallback Extraction...
[1] Processed: comp__comp_12_11.md -> Uncategorized (sim=0.00) in 0.59s
[1] Processed: chemistry project work.docx -> Chemistry (sim=0.51) in 1.68s
[!] [NO GEN] Low confidence (0.41) but accepting 'English' as fallback.
[!] [NO GEN] Low confidence (0.40) but accepting 'English' as fallback.
[1] Processed: english2__english2_12_pr5.md -> English (sim=0.41) in 0.65s
[1] Processed: english2__english2_8_1.md -> English (sim=0.40) in 0.63s
[!] [NO GEN] Low confidence (0.42) but accepting 'English' as fallback.
[1] Processed: english3__english3_10_3.md -> English (sim=0.42) in 0.14s
[!] [NO GEN] Low confidence (0.45) but accepting 'English' as fallback.
[1] Processed: english__english_8_1.md -> English (sim=0.45) in 0.41s
   -> Fallback did not improve result.
[1] Processed: chem work.pdf -> Uncategorized (sim=0.00) in 2.23s
[!] Low confidence (0.00) on first pass. Attempting Fallback Extraction...[1] Processed: english__english_12_p8.md -> English (sim=0.41) in 0.53s

[1] Processed: English project.docx -> English (sim=0.57) in 1.45s
[!] [NO GEN] Low confidence (0.39) but accepting 'Physics' as fallback.
[1] Processed: sci__sci_10_8.md -> Physics (sim=0.39) in 2.48s
[!] [NO GEN] Low confidence (0.39) but accepting 'Physics' as fallback.
[1] Processed: sci__sci_8_13.md -> Physics (sim=0.39) in 0.11s
   -> Fallback did not improve result.
[1] Processed: English file.pdf -> Uncategorized (sim=0.00) in 4.14s
[!] Low confidence (0.00) on first pass. Attempting Fallback Extraction...
[!] Low confidence (0.00) on first pass. Attempting Fallback Extraction...
[!] Low confidence (0.00) on first pass. Attempting Fallback Extraction...
[!] [NO GEN] Low confidence (0.40) but accepting 'Computer Science' as fallback.
[1] Processed: IP synopsis(5 &7).docx -> Computer Science (sim=0.40) in 3.07s
   -> Fallback did not improve result.
[!] [NO GEN] Low confidence (0.39) but accepting 'Computer Science' as fallback.[1] Processed: Ray optics projec.pdf -> Uncategorized (sim=0.00) in 6.03s
   -> Fallback improved result: Computer Science (0.39)
[1] Processed: IP file.pdf -> Computer Science (sim=0.39) in 6.46s

   -> Fallback did not improve result.
[1] Processed: phy file.pdf -> Uncategorized (sim=0.00) in 6.06s

 All files processed in 8.30s

