[rl] RL Supabase uploader loaded.
[*] Logging enabled. Output is being captured.

[rl] Synced local events to Supabase: 105 uploaded, 0 failed.
Processing with 6 threads.
Found 8 files to process.

[+] Queued: english3__english3_12_1.md
[+] Queued: english3__english3_12_2.md
[+] Queued: history__history_12_12.md
[+] Queued: history__history_8_5.md
[+] Queued: math__math_10_a2.md
[+] Queued: math__math_8_3.md
[+] Queued: phy__phy_11_2.md
[+] Queued: phy__phy_12_1.md
[!] Max retries reached for 'history__history_8_5.md'. Using non-interactive fallback.
[!] Max retries reached for 'math__math_10_a2.md'. Using non-interactive fallback.
[!] Max retries reached for 'math__math_8_3.md'. Using non-interactive fallback.
[!] Max retries reached for 'history__history_12_12.md'. Using non-interactive fallback.
[!] Max retries reached for 'english3__english3_12_1.md'. Using non-interactive fallback.
[!] Max retries reached for 'english3__english3_12_2.md'. Using non-interactive fallback.

[!] Rate Limit Hit on attempt 1/5
    Google requested wait: 32.92s
    Sleeping until: 14:30:02

[!] Rate Limit Hit on attempt 1/5
    Google requested wait: 32.91s
    Sleeping until: 14:30:02

[!] Rate Limit Hit on attempt 1/5
    Google requested wait: 32.91s
    Sleeping until: 14:30:02

[!] Rate Limit Hit on attempt 1/5
    Google requested wait: 32.90s
    Sleeping until: 14:30:02

[!] Rate Limit Hit on attempt 1/5

[!] Rate Limit Hit on attempt 1/5
    Google requested wait: 32.89s
    Google requested wait: 32.90s
    Sleeping until: 14:30:02
    Sleeping until: 14:30:02
    Resuming...
    Resuming...
    Resuming...
    Resuming...
    Resuming...
    Resuming...

[!] Rate Limit Hit on attempt 2/5
    Google requested wait: 59.55s
    Sleeping until: 14:31:02

[!] Rate Limit Hit on attempt 2/5
    Google requested wait: 59.56s
    Sleeping until: 14:31:02

[!] Rate Limit Hit on attempt 2/5
    Google requested wait: 59.56s
    Sleeping until: 14:31:02

[!] Rate Limit Hit on attempt 2/5
    Google requested wait: 59.55s
    Sleeping until: 14:31:02

[!] Rate Limit Hit on attempt 2/5
    Google requested wait: 59.37s
    Sleeping until: 14:31:02

[!] Rate Limit Hit on attempt 2/5
    Google requested wait: 59.36s
    Sleeping until: 14:31:02
    Resuming...
    Resuming...
    Resuming...
    Resuming...
    Resuming...
    Resuming...

[!] Rate Limit Hit on attempt 3/5
    Google requested wait: 59.55s
    Sleeping until: 14:32:02

[!] Rate Limit Hit on attempt 3/5
    Google requested wait: 59.46s
    Sleeping until: 14:32:02

[!] Rate Limit Hit on attempt 3/5
    Google requested wait: 59.31s
    Sleeping until: 14:32:02

[!] Rate Limit Hit on attempt 3/5
    Google requested wait: 59.13s
    Sleeping until: 14:32:02

[!] Rate Limit Hit on attempt 3/5
    Google requested wait: 59.07s
    Sleeping until: 14:32:02

[!] Rate Limit Hit on attempt 3/5
    Google requested wait: 58.90s
    Sleeping until: 14:32:02
