[*] Logging enabled. Output is being captured.

Processing with 6 threads.
Found 50 files to process.

[+] Started thread for file_001.txt | Active threads: 1
[+] Started thread for file_002.txt | Active threads: 2
[+] Started thread for file_003.txt | Active threads: 3
[+] Started thread for file_004.txt | Active threads: 4
[+] Started thread for file_005.txt | Active threads: 5
[+] Started thread for file_006.txt | Active threads: 6
[1] Processed: file_003.txt -> Biology (sim=0.76) in 2.88s
[1] Processed: file_006.txt -> Computer Science (sim=0.56) in 2.91s
[1] Processed: file_001.txt -> Biology (sim=0.77) in 3.06s
[1] Processed: file_002.txt -> Biology (sim=0.49) in 3.10s
[1] Processed: file_005.txt -> Physics (sim=0.78) in 3.25s
[1] Processed: file_004.txt -> Physics (sim=0.76) in 3.28s
[+] Started thread for file_007.txt | Active threads: 6
[+] Started thread for file_008.txt | Active threads: 5
[+] Started thread for file_009.txt | Active threads: 6
[+] Started thread for file_010.txt | Active threads: 6
[+] Started thread for file_011.txt | Active threads: 6
[1] Processed: file_007.txt -> Computer Science (sim=0.54) in 1.82s
[1] Processed: file_009.txt -> Computer Science (sim=0.55) in 2.12s
[1] Processed: file_008.txt -> Physics (sim=0.77) in 2.14s
[1] Processed: file_010.txt -> Biology (sim=0.74) in 2.10s
[1] Processed: file_011.txt -> Physics (sim=0.78) in 2.10s
[+] Started thread for file_012.txt | Active threads: 5
[+] Started thread for file_013.txt | Active threads: 6
[+] Started thread for file_014.txt | Active threads: 6
[+] Started thread for file_015.txt | Active threads: 5
[+] Started thread for file_016.txt | Active threads: 6
[1] Processed: file_013.txt -> Biology (sim=0.48) in 1.78s
[1] Processed: file_012.txt -> Mathematics (sim=0.76) in 1.85s
[1] Processed: file_014.txt -> Mathematics (sim=0.77) in 1.97s
[1] Processed: file_015.txt -> Biology (sim=0.79) in 1.90s
[1] Processed: file_016.txt -> Computer Science (sim=0.55) in 1.93s
[+] Started thread for file_017.txt | Active threads: 5
[+] Started thread for file_018.txt | Active threads: 6
[+] Started thread for file_019.txt | Active threads: 4
[+] Started thread for file_020.txt | Active threads: 5
[+] Started thread for file_021.txt | Active threads: 6
[1] Processed: file_017.txt -> Computer Science (sim=0.54) in 1.52s
[1] Processed: file_018.txt -> Physics (sim=0.80) in 1.66s
[1] Processed: file_019.txt -> Computer Science (sim=0.54) in 1.89s
[1] Processed: file_020.txt -> Computer Science (sim=0.59) in 1.97s
[1] Processed: file_021.txt -> Physics (sim=0.78) in 2.01s
[+] Started thread for file_022.txt | Active threads: 6
[+] Started thread for file_023.txt | Active threads: 6
[+] Started thread for file_024.txt | Active threads: 6
[+] Started thread for file_025.txt | Active threads: 6
[+] Started thread for file_026.txt | Active threads: 6
[1] Processed: file_022.txt -> Biology (sim=0.78) in 1.02s
[1] Processed: file_023.txt -> Physics (sim=0.79) in 1.56s
[1] Processed: file_024.txt -> Biology (sim=0.50) in 2.01s
[1] Processed: file_025.txt -> Physics (sim=0.77) in 2.00s
[1] Processed: file_026.txt -> Mathematics (sim=0.75) in 1.88s
[+] Started thread for file_027.txt | Active threads: 6
[+] Started thread for file_028.txt | Active threads: 6
[+] Started thread for file_029.txt | Active threads: 5
[+] Started thread for file_030.txt | Active threads: 6
[1] Processed: file_027.txt -> Physics (sim=0.78) in 0.97s
[+] Started thread for file_031.txt | Active threads: 6
[1] Processed: file_028.txt -> Biology (sim=0.78) in 1.48s
[+] Started thread for file_032.txt | Active threads: 6
[1] Processed: file_030.txt -> Computer Science (sim=0.58) in 1.79s
[1] Processed: file_029.txt -> Computer Science (sim=0.57) in 1.85s
[1] Processed: file_031.txt -> Biology (sim=0.49) in 1.84s
[+] Started thread for file_033.txt | Active threads: 6
[1] Processed: file_032.txt -> Biology (sim=0.78) in 1.13s
[1] Processed: file_033.txt -> Physics (sim=0.79) in 0.80s
[+] Started thread for file_034.txt | Active threads: 6
[+] Started thread for file_035.txt | Active threads: 6
[+] Started thread for file_036.txt | Active threads: 6
[+] Started thread for file_037.txt | Active threads: 6
[1] Processed: file_034.txt -> Biology (sim=0.50) in 1.21s
[+] Started thread for file_038.txt | Active threads: 6
[1] Processed: file_035.txt -> Physics (sim=0.79) in 1.70s
[+] Started thread for file_039.txt | Active threads: 7
[1] Processed: file_036.txt -> Physics (sim=0.78) in 1.80s
[1] Processed: file_037.txt -> Computer Science (sim=0.55) in 1.74s
[1] Processed: file_038.txt -> Biology (sim=0.76) in 1.64s
[+] Started thread for file_040.txt | Active threads: 6
[1] Processed: file_039.txt -> Physics (sim=0.81) in 1.32s
[+] Started thread for file_041.txt | Active threads: 6
[+] Started thread for file_042.txt | Active threads: 5
[1] Processed: file_040.txt -> Biology (sim=0.79) in 1.13s
[+] Started thread for file_043.txt | Active threads: 6
[+] Started thread for file_044.txt | Active threads: 6
[1] Processed: file_041.txt -> Biology (sim=0.51) in 1.47s
[+] Started thread for file_045.txt | Active threads: 6
[1] Processed: file_042.txt -> Computer Science (sim=0.49) in 1.71s
[1] Processed: file_043.txt -> Physics (sim=0.79) in 1.98s
[+] Started thread for file_046.txt | Active threads: 6
[1] Processed: file_044.txt -> Mathematics (sim=0.75) in 1.89s
[+] Started thread for file_047.txt | Active threads: 6
[1] Processed: file_045.txt -> Mathematics (sim=0.80) in 1.57s
[+] Started thread for file_048.txt | Active threads: 6
[+] Started thread for file_049.txt | Active threads: 6
[1] Processed: file_046.txt -> Physics (sim=0.80) in 1.70s
[+] Started thread for file_050.txt | Active threads: 6
[1] Processed: file_047.txt -> Mathematics (sim=0.78) in 1.65s
[1] Processed: file_048.txt -> Biology (sim=0.53) in 1.90s
[1] Processed: file_049.txt -> Biology (sim=0.51) in 1.57s
[1] Processed: file_050.txt -> Mathematics (sim=0.78) in 1.35s

 All files processed in 30.96s

