[*] Logging enabled. Output is being captured.

[*] Initialising model...
[rl] Synced local events to Supabase: 142 uploaded, 0 failed.
[*] Model Loaded.
Processing with 6 threads.
Found 17 files to process.

[+] Queued: bio__bio_12_7.md
[+] Queued: chem work.pdf
[+] Queued: comp__comp_11_2.md
[+] Queued: comp__comp_12_11.md
[+] Queued: English file.pdf
[+] Queued: English project.docx
[+] Queued: english2__english2_12_pr5.md
[+] Queued: english2__english2_8_1.md
[+] Queued: english3__english3_10_3.md
[+] Queued: english__english_12_p8.md
[+] Queued: english__english_8_1.md
[+] Queued: IP file.pdf
[+] Queued: IP synopsis(5 &7).docx
[+] Queued: phy file.pdf
[+] Queued: Ray optics projec.pdf
[+] Queued: sci__sci_10_8.md
[+] Queued: sci__sci_8_13.md
[!] [NO GEN] Low confidence (0.44) but accepting 'Biology' as fallback.
[!] Low confidence (0.00) on first pass. Attempting Fallback Extraction...
[!] Low confidence (0.00) on first pass. Attempting Fallback Extraction...
[1] Processed: bio__bio_12_7.md -> Biology (sim=0.44) in 1.08s
[1] Processed: comp__comp_12_11.md -> Uncategorized (sim=0.00) in 1.08s
[1] Processed: comp__comp_11_2.md -> Uncategorized (sim=0.00) in 1.09s
[!] [NO GEN] Low confidence (0.34) but accepting 'English' as fallback.
[!] Low confidence (0.34) on first pass. Attempting Fallback Extraction...
[!] [NO GEN] Low confidence (0.42) but accepting 'English' as fallback.
[1] Processed: english3__english3_10_3.md -> English (sim=0.34) in 0.32s
[1] Processed: english2__english2_12_pr5.md -> English (sim=0.42) in 0.33s
[!] [NO GEN] Low confidence (0.39) but accepting 'English' as fallback.
[1] Processed: english2__english2_8_1.md -> English (sim=0.39) in 0.34s
[1] Processed: english__english_8_1.md -> English (sim=0.46) in 1.88s
[1] Processed: english__english_12_p8.md -> English (sim=0.52) in 1.88s
[!] [NO GEN] Low confidence (0.44) but accepting 'English' as fallback.
[1] Processed: English project.docx -> English (sim=0.44) in 4.47s
[!] Low confidence (0.00) on first pass. Attempting Fallback Extraction...
[1] Processed: English file.pdf -> English (sim=0.43) in 5.12s
[1] Processed: sci__sci_10_8.md -> Biology (sim=0.46) in 1.13s
[!] [NO GEN] Low confidence (0.45) but accepting 'Biology' as fallback.
[1] Processed: sci__sci_8_13.md -> Biology (sim=0.45) in 0.30s
[!] Low confidence (0.00) on first pass. Attempting Fallback Extraction...
[!] Low confidence (0.00) on first pass. Attempting Fallback Extraction...
[!] Low confidence (0.00) on first pass. Attempting Fallback Extraction...
[!] Low confidence (0.00) on first pass. Attempting Fallback Extraction...
   -> Fallback did not improve result.
[1] Processed: chem work.pdf -> Uncategorized (sim=0.00) in 10.42s
   -> Fallback did not improve result.
[1] Processed: IP synopsis(5 &7).docx -> Uncategorized (sim=0.00) in 9.14s
   -> Fallback did not improve result.
[1] Processed: phy file.pdf -> Uncategorized (sim=0.00) in 9.21s
   -> Fallback did not improve result.
[1] Processed: IP file.pdf -> Uncategorized (sim=0.00) in 11.17s
   -> Fallback did not improve result.
[1] Processed: Ray optics projec.pdf -> Uncategorized (sim=0.00) in 8.31s

 All files processed in 12.82s

