[*] Logging enabled. Output is being captured.

[*] Configuration updated: Model set to BAAI/bge-base-en-v1.5
[*] Initialising model...
[rl] Synced local events to Supabase: 412 uploaded, 0 failed.
[*] Model Loaded.
Processing with 6 threads.
Found 23 files to process.

[+] Queued: biotech__biotech_12_10.md
[+] Queued: biotech__biotech_12_7.md
[+] Queued: bio__bio_12_2.md
[+] Queued: bio__bio_12_7.md
[+] Queued: chem work.pdf
[+] Queued: chemistry project work.docx
[+] Queued: chem__chem_11_2.md
[+] Queued: chem__chem_11_3.md
[+] Queued: comp__comp_11_2.md
[+] Queued: comp__comp_12_11.md
[+] Queued: English file.pdf
[+] Queued: English project.docx
[+] Queued: english2__english2_12_pr5.md
[+] Queued: english2__english2_8_1.md
[+] Queued: english3__english3_10_3.md
[+] Queued: english__english_12_p8.md
[+] Queued: english__english_8_1.md
[+] Queued: IP file.pdf
[+] Queued: IP synopsis(5 &7).docx
[+] Queued: phy file.pdf
[+] Queued: Ray optics projec.pdf
[+] Queued: sci__sci_10_8.md
[+] Queued: sci__sci_8_13.md
[1] Processed: bio__bio_12_2.md -> Biology (sim=0.66) in 0.88s
[1] Processed: biotech__biotech_12_7.md -> Biotechnology (sim=0.71) in 1.02s[1] Processed: biotech__biotech_12_10.md -> Biotechnology (sim=0.71) in 1.02s

[1] Processed: bio__bio_12_7.md -> Biology (sim=0.67) in 1.03s
[1] Processed: chem__chem_11_2.md -> Chemistry (sim=0.61) in 0.31s
[1] Processed: chem__chem_11_3.md -> Chemistry (sim=0.61) in 0.44s
[1] Processed: comp__comp_11_2.md -> Mathematics (sim=0.55) in 0.50s
[1] Processed: comp__comp_12_11.md -> Mathematics (sim=0.58) in 0.54s
[1] Processed: english2__english2_12_pr5.md -> English (sim=0.61) in 1.08s
[1] Processed: english2__english2_8_1.md -> English (sim=0.62) in 1.08s
[1] Processed: english3__english3_10_3.md -> English (sim=0.61) in 0.52s
[1] Processed: english__english_12_p8.md -> English (sim=0.64) in 0.48s
[1] Processed: chemistry project work.docx -> Chemistry (sim=0.79) in 4.88s
[1] Processed: english__english_8_1.md -> English (sim=0.64) in 2.04s
[1] Processed: chem work.pdf -> Chemistry (sim=0.66) in 6.43s
[1] Processed: English project.docx -> English (sim=0.72) in 6.20s
[1] Processed: English file.pdf -> English (sim=0.61) in 7.03s
[1] Processed: sci__sci_10_8.md -> Physics (sim=0.59) in 0.94s
[1] Processed: sci__sci_8_13.md -> Physics (sim=0.60) in 0.42s
[1] Processed: phy file.pdf -> Physics (sim=0.73) in 5.94s
[1] Processed: Ray optics projec.pdf -> Physics (sim=0.73) in 4.75s
[1] Processed: IP synopsis(5 &7).docx -> Computer Science (sim=0.69) in 6.53s
[1] Processed: IP file.pdf -> Computer Science (sim=0.69) in 8.56s

 All files processed in 11.71s

